zamnesia.com|zamnesia.com, 16/07/2018 tarihli ve 490.05.01.2018.-248062 sayılı Bilgi Teknolojileri ve İletişim Kurumu kararıyla erişime engellenmiştir.
ggplus.pro|ggplus.pro, 29/11/2023 tarihli ve 490.05.01.2023.-646139 sayılı Bilgi Teknolojileri ve İletişim Kurumu kararıyla erişime engellenmiştir.
growdiaries.com|growdiaries.com, 02/05/2024 tarihli ve 490.05.01.2024.-281559 sayılı Bilgi Teknolojileri ve İletişim Kurumu kararıyla erişime engellenmiştir.
2fast4buds.com|2fast4buds.com, 29/05/2018 tarihli ve 490.05.01.2018.-193894 sayılı Bilgi Teknolojileri ve İletişim Kurumu kararıyla erişime engellenmiştir.
dutch-passion.com|dutch-passion.com, 16/07/2018 tarihli ve 490.05.01.2018.-248052 sayılı Bilgi Teknolojileri ve İletişim Kurumu kararıyla erişime engellenmiştir.
growweedeasy.com|growweedeasy.com, 31/12/2019 tarihli ve 490.05.01.2019.-841356 sayılı Bilgi Teknolojileri ve İletişim Kurumu kararıyla erişime engellenmiştir.
cannaconnection.com|cannaconnection.com, 31/12/2019 tarihli ve 490.05.01.2019.-841366 sayılı Bilgi Teknolojileri ve İletişim Kurumu kararıyla erişime engellenmiştir.
erowid.org|erowid.org, 24/08/2022 tarihli ve 490.05.01.2022.-809480 sayılı Bilgi Teknolojileri ve İletişim Kurumu kararıyla erişime engellenmiştir.
seedsman.com|seedsman.com, 16/07/2018 tarihli ve 490.05.01.2018.-248044 sayılı Bilgi Teknolojileri ve İletişim Kurumu kararıyla erişime engellenmiştir.
pevgrow.com|pevgrow.com, 31/12/2019 tarihli ve 490.05.01.2019.-841372 sayılı Bilgi Teknolojileri ve İletişim Kurumu kararıyla erişime engellenmiştir.
herbiesheadshop.com|herbiesheadshop.com, 19/02/2021 tarihli ve 2021/454 D.İş sayılı Tokat 2. Sulh Ceza Hakimliği kararıyla erişime engellenmiştir.
seedsupreme.com|seedsupreme.com, 16/07/2018 tarihli ve 490.05.01.2018.-248054 sayılı Bilgi Teknolojileri ve İletişim Kurumu kararıyla erişime engellenmiştir.
kannabia.com|kannabia.com, 02/10/2018 tarihli ve 490.05.01.2018.-332246 sayılı Bilgi Teknolojileri ve İletişim Kurumu kararıyla erişime engellenmiştir.
sirius.nl|sirius.nl, 20/01/2022 tarihli ve 490.05.01.2022.-63021 sayılı Bilgi Teknolojileri ve İletişim Kurumu kararıyla erişime engellenmiştir.
herbapproach.com|herbapproach.com, 19/07/2018 tarihli ve 490.05.01.2018.-253897 sayılı Bilgi Teknolojileri ve İletişim Kurumu kararıyla erişime engellenmiştir.
ilovegrowingmarijuana.com|ilovegrowingmarijuana.com, 01/03/2018 tarihli ve 490.05.01.2018.-94581 sayılı Bilgi Teknolojileri ve İletişim Kurumu kararıyla erişime engellenmiştir.
barneysfarm.com|barneysfarm.com, 16/07/2018 tarihli ve 490.05.01.2018.-247933 sayılı Bilgi Teknolojileri ve İletişim Kurumu kararıyla erişime engellenmiştir.
marijuana-seeds.nl|marijuana-seeds.nl, 29/05/2018 tarihli ve 490.05.01.2018.-193893 sayılı Bilgi Teknolojileri ve İletişim Kurumu kararıyla erişime engellenmiştir.
stayingcyber.org|Bilgi Teknolojileri ve İletişim Kurumu tarafından uygulanan bir karar bulunamadı.
weedseedshop.com|weedseedshop.com, 08/03/2019 tarihli ve 490.05.01.2019.-51280 sayılı Bilgi Teknolojileri ve İletişim Kurumu kararıyla erişime engellenmiştir.
dinafem.org|dinafem.org, 10/06/2015 tarihli ve 490.05.01.2015.-173856 sayılı Telekomünikasyon İletişim Başkanlığı kararıyla erişime engellenmiştir.
seedsherenow.com|seedsherenow.com, 17/07/2018 tarihli ve 490.05.01.2018.-249017 sayılı Bilgi Teknolojileri ve İletişim Kurumu kararıyla erişime engellenmiştir.
geaseeds.com|geaseeds.com, 31/12/2019 tarihli ve 490.05.01.2019.-841375 sayılı Bilgi Teknolojileri ve İletişim Kurumu kararıyla erişime engellenmiştir.
paradise-seeds.com|paradise-seeds.com, 31/12/2019 tarihli ve 490.05.01.2019.-841367 sayılı Bilgi Teknolojileri ve İletişim Kurumu kararıyla erişime engellenmiştir.
shop.greenhouseseeds.nl|Bilgi Teknolojileri ve İletişim Kurumu tarafından uygulanan bir karar bulunamadı.
pacificseedbank.com|pacificseedbank.com, 31/12/2019 tarihli ve 490.05.01.2019.-841360 sayılı Bilgi Teknolojileri ve İletişim Kurumu kararıyla erişime engellenmiştir.
cannabis.net|cannabis.net, 12/11/2021 tarihli ve 490.05.01.2021.-467707 sayılı Bilgi Teknolojileri ve İletişim Kurumu kararıyla erişime engellenmiştir.
cannabis-seeds-bank.co.uk|cannabis-seeds-bank.co.uk, 05/11/2013 tarihli ve 490.05.01.2013.-316928 sayılı Telekomünikasyon İletişim Başkanlığı kararıyla erişime engellenmiştir.
odc.gov.au|Bilgi Teknolojileri ve İletişim Kurumu tarafından uygulanan bir karar bulunamadı.
amsterdamseedcenter.com|amsterdamseedcenter.com, 02/10/2018 tarihli ve 490.05.01.2018.-332243 sayılı Bilgi Teknolojileri ve İletişim Kurumu kararıyla erişime engellenmiştir.
weedseedsexpress.com|weedseedsexpress.com, 31/12/2019 tarihli ve 490.05.01.2019.-841358 sayılı Bilgi Teknolojileri ve İletişim Kurumu kararıyla erişime engellenmiştir.
neptuneseedbank.com|neptuneseedbank.com, 30/12/2020 tarihli ve 2020/2860 D.İş sayılı Tokat 1. Sulh Ceza Hakimliği kararıyla erişime engellenmiştir.
oaseeds.com|oaseeds.com, 01/03/2018 tarihli ve 490.05.01.2018.-94592 sayılı Bilgi Teknolojileri ve İletişim Kurumu kararıyla erişime engellenmiştir.
semillas-de-marihuana.com|semillas-de-marihuana.com, 09/02/2021 tarihli ve 2021/336 D.İş sayılı TOKAT 1. SULH CEZA HÂKİMLİĞİ kararıyla erişime engellenmiştir.
deliciousseeds.com|deliciousseeds.com, 31/12/2019 tarihli ve 490.05.01.2019.-841377 sayılı Bilgi Teknolojileri ve İletişim Kurumu kararıyla erişime engellenmiştir.
unityrd.com|unityrd.com, 10/07/2024 tarihli ve 490.05.01.2024.-533648 sayılı Bilgi Teknolojileri ve İletişim Kurumu kararıyla erişime engellenmiştir.
uweed.ch|uweed.ch, 13/09/2022 tarihli ve 490.05.01.2022.-862692 sayılı Bilgi Teknolojileri ve İletişim Kurumu kararıyla erişime engellenmiştir.
humboldtseeds.net|humboldtseeds.net, 31/12/2019 tarihli ve 490.05.01.2019.-841368 sayılı Bilgi Teknolojileri ve İletişim Kurumu kararıyla erişime engellenmiştir.
cannapot.com|cannapot.com, 08/03/2019 tarihli ve 490.05.01.2019.-51284 sayılı Bilgi Teknolojileri ve İletişim Kurumu kararıyla erişime engellenmiştir.
kosmickitchen.eu|kosmickitchen.eu, 05/08/2021 tarihli ve 490.05.01.2021.-336650 sayılı Bilgi Teknolojileri ve İletişim Kurumu kararıyla erişime engellenmiştir.
growerschoiceseeds.com|growerschoiceseeds.com, 16/07/2018 tarihli ve 490.05.01.2018.-248060 sayılı Bilgi Teknolojileri ve İletişim Kurumu kararıyla erişime engellenmiştir.
cropkingseeds.com|cropkingseeds.com, 19/07/2018 tarihli ve 490.05.01.2018.-253895 sayılı Bilgi Teknolojileri ve İletişim Kurumu kararıyla erişime engellenmiştir.
bsfseeds.com|bsfseeds.com, 11/01/2022 tarihli ve 490.05.01.2022.-34280 sayılı Bilgi Teknolojileri ve İletişim Kurumu kararıyla erişime engellenmiştir.
chemicalplanet.net|chemicalplanet.net, 09/12/2021 tarihli ve 490.05.01.2021.-531167 sayılı Bilgi Teknolojileri ve İletişim Kurumu kararıyla erişime engellenmiştir.
greenpointseeds.com|greenpointseeds.com, 31/12/2019 tarihli ve 490.05.01.2019.-841370 sayılı Bilgi Teknolojileri ve İletişim Kurumu kararıyla erişime engellenmiştir.
silverstemcannabis.com|silverstemcannabis.com, 18/08/2021 tarihli ve 490.05.01.2021.-349573 sayılı Bilgi Teknolojileri ve İletişim Kurumu kararıyla erişime engellenmiştir.
wayofleaf.com|wayofleaf.com, 06/10/2021 tarihli ve 490.05.01.2021.-395108 sayılı Bilgi Teknolojileri ve İletişim Kurumu kararıyla erişime engellenmiştir.
seedbank.com|seedbank.com, 10/01/2022 tarihli ve 490.05.01.2022.-29125 sayılı Bilgi Teknolojileri ve İletişim Kurumu kararıyla erişime engellenmiştir.
drinkanddrugsnews.com|Bilgi Teknolojileri ve İletişim Kurumu tarafından uygulanan bir karar bulunamadı.
truenorthseedbank.com|truenorthseedbank.com, 16/07/2018 tarihli ve 490.05.01.2018.-247934 sayılı Bilgi Teknolojileri ve İletişim Kurumu kararıyla erişime engellenmiştir.
greenparrotseeds.com|greenparrotseeds.com, 31/12/2019 tarihli ve 490.05.01.2019.-841378 sayılı Bilgi Teknolojileri ve İletişim Kurumu kararıyla erişime engellenmiştir.
londonseedcentre.co.uk|londonseedcentre.co.uk, 07/02/2022 tarihli ve 490.05.01.2022.-126485 sayılı Bilgi Teknolojileri ve İletişim Kurumu kararıyla erişime engellenmiştir.
cannabismo.org|cannabismo.org, 21/02/2020 tarihli ve 490.05.01.2020.-733425 sayılı Bilgi Teknolojileri ve İletişim Kurumu kararıyla erişime engellenmiştir.
ripperseeds.com|ripperseeds.com, 04/02/2022 tarihli ve 490.05.01.2022.-118621 sayılı Bilgi Teknolojileri ve İletişim Kurumu kararıyla erişime engellenmiştir.
suzyseeds.com|suzyseeds.com, 31/12/2019 tarihli ve 490.05.01.2019.-841364 sayılı Bilgi Teknolojileri ve İletişim Kurumu kararıyla erişime engellenmiştir.
worldofseeds.com|worldofseeds.com, 11/01/2022 tarihli ve 490.05.01.2022.-34277 sayılı Bilgi Teknolojileri ve İletişim Kurumu kararıyla erişime engellenmiştir.
cannabis-seeds-store.co.uk|cannabis-seeds-store.co.uk, 19/01/2017 tarihli ve 490.05.01.2017.-27788 sayılı Bilgi Teknolojileri ve İletişim Kurumu kararıyla erişime engellenmiştir.
dnagenetics.com|dnagenetics.com, 31/12/2019 tarihli ve 490.05.01.2019.-841374 sayılı Bilgi Teknolojileri ve İletişim Kurumu kararıyla erişime engellenmiştir.
insaneseeds.com|insaneseeds.com, 13/01/2022 tarihli ve 490.05.01.2022.-40484 sayılı Bilgi Teknolojileri ve İletişim Kurumu kararıyla erişime engellenmiştir.
thseeds.com|thseeds.com, 11/01/2022 tarihli ve 490.05.01.2022.-34250 sayılı Bilgi Teknolojileri ve İletişim Kurumu kararıyla erişime engellenmiştir.
rocketseeds.com|rocketseeds.com, 10/01/2022 tarihli ve 490.05.01.2022.-29124 sayılı Bilgi Teknolojileri ve İletişim Kurumu kararıyla erişime engellenmiştir.
rauch-frei.info|Bilgi Teknolojileri ve İletişim Kurumu tarafından uygulanan bir karar bulunamadı.
amsterdammarijuanaseeds.com|amsterdammarijuanaseeds.com, 01/03/2018 tarihli ve 490.05.01.2018.-94585 sayılı Bilgi Teknolojileri ve İletişim Kurumu kararıyla erişime engellenmiştir.
weed-deals.com|weed-deals.com, 18/08/2021 tarihli ve 490.05.01.2021.-349572 sayılı Bilgi Teknolojileri ve İletişim Kurumu kararıyla erişime engellenmiştir.
irishseedbank.com|irishseedbank.com, 29/04/2022 tarihli ve 2022/844 D.İş sayılı Tokat 2. Sulh Ceza Hakimliği kararıyla erişime engellenmiştir.
i49.net|i49.net, 31/12/2019 tarihli ve 490.05.01.2019.-841369 sayılı Bilgi Teknolojileri ve İletişim Kurumu kararıyla erişime engellenmiştir.
discreetseeds.co.uk|discreetseeds.co.uk, 07/02/2022 tarihli ve 490.05.01.2022.-126487 sayılı Bilgi Teknolojileri ve İletişim Kurumu kararıyla erişime engellenmiştir.
autoseeds.com|autoseeds.com, 31/12/2019 tarihli ve 490.05.01.2019.-841396 sayılı Bilgi Teknolojileri ve İletişim Kurumu kararıyla erişime engellenmiştir.
seedcellar.com|seedcellar.com, 21/06/2021 tarihli ve 490.05.01.2021.-264455 sayılı Bilgi Teknolojileri ve İletişim Kurumu kararıyla erişime engellenmiştir.
legalherbalshop.com|legalherbalshop.com, 13/03/2015 tarihli ve 490.05.01.2015.-70874 sayılı Telekomünikasyon İletişim Başkanlığı kararıyla erişime engellenmiştir.
420-seeds.com|420-seeds.com, 31/12/2019 tarihli ve 490.05.01.2019.-841397 sayılı Bilgi Teknolojileri ve İletişim Kurumu kararıyla erişime engellenmiştir.
expertseedbank.com|expertseedbank.com, 30/12/2020 tarihli ve 2020/2860 D.İş sayılı Tokat 1. Sulh Ceza Hakimliği kararıyla erişime engellenmiştir.
originalseedsstore.com|originalseedsstore.com, 19/07/2018 tarihli ve 490.05.01.2018.-253891 sayılı Bilgi Teknolojileri ve İletişim Kurumu kararıyla erişime engellenmiştir.
oldschoolba.com|oldschoolba.com, 02/10/2018 tarihli ve 490.05.01.2018.-332247 sayılı Bilgi Teknolojileri ve İletişim Kurumu kararıyla erişime engellenmiştir.
premiumseedmarket.com|premiumseedmarket.com, 11/01/2022 tarihli ve 490.05.01.2022.-34282 sayılı Bilgi Teknolojileri ve İletişim Kurumu kararıyla erişime engellenmiştir.
high-supplies.com|high-supplies.com, 01/03/2018 tarihli ve 490.05.01.2018.-94580 sayılı Bilgi Teknolojileri ve İletişim Kurumu kararıyla erişime engellenmiştir.
solei.ca|Bilgi Teknolojileri ve İletişim Kurumu tarafından uygulanan bir karar bulunamadı.
grizzly-cannabis-seeds.co.uk|grizzly-cannabis-seeds.co.uk, 31/12/2019 tarihli ve 490.05.01.2019.-841384 sayılı Bilgi Teknolojileri ve İletişim Kurumu kararıyla erişime engellenmiştir.
somaseeds.nl|somaseeds.nl, 17/07/2018 tarihli ve 490.05.01.2018.-249016 sayılı Bilgi Teknolojileri ve İletişim Kurumu kararıyla erişime engellenmiştir.
coffeeshopseeds.com|coffeeshopseeds.com, 13/10/2020 tarihli ve 490.05.01.2020.-4687834 sayılı Bilgi Teknolojileri ve İletişim Kurumu kararıyla erişime engellenmiştir.
theherbcollectiveoc.com|theherbcollectiveoc.com, 19/07/2018 tarihli ve 490.05.01.2018.-253896 sayılı Bilgi Teknolojileri ve İletişim Kurumu kararıyla erişime engellenmiştir.
zativo.com|zativo.com, 19/07/2018 tarihli ve 490.05.01.2018.-253888 sayılı Bilgi Teknolojileri ve İletişim Kurumu kararıyla erişime engellenmiştir.
choice-cannabis-seeds.com|choice-cannabis-seeds.com, 08/03/2019 tarihli ve 490.05.01.2019.-51286 sayılı Bilgi Teknolojileri ve İletişim Kurumu kararıyla erişime engellenmiştir.
thefarmco.com|thefarmco.com, 21/02/2020 tarihli ve 490.05.01.2020.-733403 sayılı Bilgi Teknolojileri ve İletişim Kurumu kararıyla erişime engellenmiştir.
theweedblog.com|theweedblog.com, 12/11/2021 tarihli ve 490.05.01.2021.-468351 sayılı Bilgi Teknolojileri ve İletişim Kurumu kararıyla erişime engellenmiştir.
sonomaseeds.com|sonomaseeds.com, 10/01/2022 tarihli ve 490.05.01.2022.-29113 sayılı Bilgi Teknolojileri ve İletişim Kurumu kararıyla erişime engellenmiştir.
friendsofbillw.net|Bilgi Teknolojileri ve İletişim Kurumu tarafından uygulanan bir karar bulunamadı.
gorilla-cannabis-seeds.co.uk|gorilla-cannabis-seeds.co.uk, 01/03/2018 tarihli ve 490.05.01.2018.-94582 sayılı Bilgi Teknolojileri ve İletişim Kurumu kararıyla erişime engellenmiştir.
medepen.com|medepen.com, 03/07/2024 tarihli ve 490.05.01.2024.-508756 sayılı Bilgi Teknolojileri ve İletişim Kurumu kararıyla erişime engellenmiştir.
cannabisseeds.co.za|cannabisseeds.co.za, 08/03/2019 tarihli ve 490.05.01.2019.-51283 sayılı Bilgi Teknolojileri ve İletişim Kurumu kararıyla erişime engellenmiştir.
howtogrowmarijuana.com|howtogrowmarijuana.com, 06/03/2019 tarihli ve 490.05.01.2019.-49574 sayılı Bilgi Teknolojileri ve İletişim Kurumu kararıyla erişime engellenmiştir.
manchesterseedbank.com|manchesterseedbank.com, 15/01/2021 tarihli ve 2021/166 D. İş sayılı Tokat 1. Sulh Ceza Hakimliği kararıyla erişime engellenmiştir.
friendlyaussiebuds.com|friendlyaussiebuds.com, 12/11/2021 tarihli ve 490.05.01.2021.-467706 sayılı Bilgi Teknolojileri ve İletişim Kurumu kararıyla erişime engellenmiştir.
drgreenthumb.com|drgreenthumb.com, 02/10/2018 tarihli ve 490.05.01.2018.-332244 sayılı Bilgi Teknolojileri ve İletişim Kurumu kararıyla erişime engellenmiştir.
bcseeds.com|bcseeds.com, 19/07/2018 tarihli ve 490.05.01.2018.-253892 sayılı Bilgi Teknolojileri ve İletişim Kurumu kararıyla erişime engellenmiştir.
cannabiside.com|cannabiside.com, 09/02/2022 tarihli ve 490.05.01.2022.-134990 sayılı Bilgi Teknolojileri ve İletişim Kurumu kararıyla erişime engellenmiştir.
beaverseed.com|beaverseed.com, 10/01/2022 tarihli ve 490.05.01.2022.-29111 sayılı Bilgi Teknolojileri ve İletişim Kurumu kararıyla erişime engellenmiştir.
orscna.org|Bilgi Teknolojileri ve İletişim Kurumu tarafından uygulanan bir karar bulunamadı.
sunwestgenetics.com|sunwestgenetics.com, 10/01/2022 tarihli ve 490.05.01.2022.-29112 sayılı Bilgi Teknolojileri ve İletişim Kurumu kararıyla erişime engellenmiştir.
stealthyseeds.com|stealthyseeds.com, 06/03/2019 tarihli ve 490.05.01.2019.-49595 sayılı Bilgi Teknolojileri ve İletişim Kurumu kararıyla erişime engellenmiştir.
bombseeds.nl|bombseeds.nl, 31/12/2019 tarihli ve 490.05.01.2019.-841395 sayılı Bilgi Teknolojileri ve İletişim Kurumu kararıyla erişime engellenmiştir.
cannabis-seeds.co.uk|cannabis-seeds.co.uk, 16/07/2018 tarihli ve 490.05.01.2018.-248065 sayılı Bilgi Teknolojileri ve İletişim Kurumu kararıyla erişime engellenmiştir.
ministryofcannabis.com|ministryofcannabis.com, 16/07/2018 tarihli ve 490.05.01.2018.-248049 sayılı Bilgi Teknolojileri ve İletişim Kurumu kararıyla erişime engellenmiştir.
news.herbapproach.com|Bilgi Teknolojileri ve İletişim Kurumu tarafından uygulanan bir karar bulunamadı.
cannabiscity.us|cannabiscity.us, 15/02/2021 tarihli ve 490.05.01.2021.-59088 sayılı Bilgi Teknolojileri ve İletişim Kurumu kararıyla erişime engellenmiştir.
bonzaseeds.com|bonzaseeds.com, 31/12/2019 tarihli ve 490.05.01.2019.-841388 sayılı Bilgi Teknolojileri ve İletişim Kurumu kararıyla erişime engellenmiştir.
dutchseedsshop.com|dutchseedsshop.com, 31/12/2019 tarihli ve 490.05.01.2019.-841365 sayılı Bilgi Teknolojileri ve İletişim Kurumu kararıyla erişime engellenmiştir.
platinumseedbank.com|platinumseedbank.com, 19/02/2021 tarihli ve 2021/454 D.İş sayılı Tokat 2. Sulh Ceza Hakimliği kararıyla erişime engellenmiştir.
marijuanaseedbreeders.com|marijuanaseedbreeders.com, 04/02/2022 tarihli ve 490.05.01.2022.-118625 sayılı Bilgi Teknolojileri ve İletişim Kurumu kararıyla erişime engellenmiştir.
lechenie-narkomanii.com|Bilgi Teknolojileri ve İletişim Kurumu tarafından uygulanan bir karar bulunamadı.
drugcocktails.ca|Bilgi Teknolojileri ve İletişim Kurumu tarafından uygulanan bir karar bulunamadı.
marijuanaplantsonline.com|marijuanaplantsonline.com, 13/09/2022 tarihli ve 490.05.01.2022.-862675 sayılı Bilgi Teknolojileri ve İletişim Kurumu kararıyla erişime engellenmiştir.
ozstoners.com|ozstoners.com, 12/03/2019 tarihli ve 490.05.01.2019.-53582 sayılı Bilgi Teknolojileri ve İletişim Kurumu kararıyla erişime engellenmiştir.
feenkraut.de|Bilgi Teknolojileri ve İletişim Kurumu tarafından uygulanan bir karar bulunamadı.
dope-seeds.com|dope-seeds.com, 19/07/2018 tarihli ve 490.05.01.2018.-253884 sayılı Bilgi Teknolojileri ve İletişim Kurumu kararıyla erişime engellenmiştir.
cannabisowl.com|cannabisowl.com, 19/07/2018 tarihli ve 490.05.01.2018.-253890 sayılı Bilgi Teknolojileri ve İletişim Kurumu kararıyla erişime engellenmiştir.
fixpunkt-berlin.de|Bilgi Teknolojileri ve İletişim Kurumu tarafından uygulanan bir karar bulunamadı.
midlandaa.org|Bilgi Teknolojileri ve İletişim Kurumu tarafından uygulanan bir karar bulunamadı.
seedsbulk.com|seedsbulk.com, 09/02/2021 tarihli ve 2021/336 D.İş sayılı TOKAT 1. SULH CEZA HÂKİMLİĞİ kararıyla erişime engellenmiştir.
keraseeds.com|keraseeds.com, 04/02/2022 tarihli ve 490.05.01.2022.-118623 sayılı Bilgi Teknolojileri ve İletişim Kurumu kararıyla erişime engellenmiştir.
ganjaexpress.ca|ganjaexpress.ca, 06/03/2019 tarihli ve 490.05.01.2019.-49569 sayılı Bilgi Teknolojileri ve İletişim Kurumu kararıyla erişime engellenmiştir.
no-trafficking.org|no-trafficking.org, 18/09/2024 tarihli ve 490.05.01.2024.-714712 sayılı Bilgi Teknolojileri ve İletişim Kurumu kararıyla erişime engellenmiştir.
amsterdamseedsupply.com|amsterdamseedsupply.com, 07/02/2022 tarihli ve 490.05.01.2022.-126488 sayılı Bilgi Teknolojileri ve İletişim Kurumu kararıyla erişime engellenmiştir.
tododrogas.net|Bilgi Teknolojileri ve İletişim Kurumu tarafından uygulanan bir karar bulunamadı.
megamarijuanastore.com|megamarijuanastore.com, 08/03/2019 tarihli ve 490.05.01.2019.-51288 sayılı Bilgi Teknolojileri ve İletişim Kurumu kararıyla erişime engellenmiştir.
ladymary.com|ladymary.com, 12/03/2019 tarihli ve 490.05.01.2019.-53580 sayılı Bilgi Teknolojileri ve İletişim Kurumu kararıyla erişime engellenmiştir.
svetkonoplje.com|Bilgi Teknolojileri ve İletişim Kurumu tarafından uygulanan bir karar bulunamadı.
adacinfo.com|Bilgi Teknolojileri ve İletişim Kurumu tarafından uygulanan bir karar bulunamadı.
paddyseeds.com|paddyseeds.com, 03/12/2014 tarihli ve 490.05.01.2014.-235950 sayılı Telekomünikasyon İletişim Başkanlığı kararıyla erişime engellenmiştir.
mjnexpress.ca|mjnexpress.ca, 21/02/2020 tarihli ve 490.05.01.2020.-733402 sayılı Bilgi Teknolojileri ve İletişim Kurumu kararıyla erişime engellenmiştir.
donnergurgler.com|Bilgi Teknolojileri ve İletişim Kurumu tarafından uygulanan bir karar bulunamadı.
thoughtfield.co.uk|Bilgi Teknolojileri ve İletişim Kurumu tarafından uygulanan bir karar bulunamadı.
kingpenofficial.com|kingpenofficial.com, 16/05/2023 tarihli ve 490.05.01.2023.-243318 sayılı Bilgi Teknolojileri ve İletişim Kurumu kararıyla erişime engellenmiştir.
euro420buds.com|euro420buds.com, 01/10/2021 tarihli ve 490.05.01.2021.-390371 sayılı Bilgi Teknolojileri ve İletişim Kurumu kararıyla erişime engellenmiştir.
dengulenegl.dk|Bilgi Teknolojileri ve İletişim Kurumu tarafından uygulanan bir karar bulunamadı.
streetdrugs.org|streetdrugs.org, 25/12/2018 tarihli ve 490.05.01.2018.-399622 sayılı Bilgi Teknolojileri ve İletişim Kurumu kararıyla erişime engellenmiştir.
budexpressnow.ca|budexpressnow.ca, 08/05/2019 tarihli ve 490.05.01.2019.-94728 sayılı Bilgi Teknolojileri ve İletişim Kurumu kararıyla erişime engellenmiştir.
