alanilagan.com|alanilagan.com, 17/02/2015 tarihli ve 490.05.01.2015.-34842 sayılı Telekomünikasyon İletişim Başkanlığı kararıyla erişime engellenmiştir.
bigmuscle.com|bigmuscle.com, 30/03/2015 tarihli ve 490.05.01.2015.-89644 sayılı Telekomünikasyon İletişim Başkanlığı kararıyla erişime engellenmiştir.
daddyhunt.com|daddyhunt.com, 04/05/2017 tarihli ve 490.05.01.2017.-191703 sayılı Bilgi Teknolojileri ve İletişim Kurumu kararıyla erişime engellenmiştir.
fraternityx.com|fraternityx.com, 29/05/2014 tarihli ve 490.05.01.2014.-90747 sayılı Telekomünikasyon İletişim Başkanlığı kararıyla erişime engellenmiştir.
gay.com|gay.com, 17/10/2014 tarihli ve 490.05.01.2014.-178772 sayılı Telekomünikasyon İletişim Başkanlığı kararıyla erişime engellenmiştir.
gaybodyblog.com|gaybodyblog.com, 28/05/2014 tarihli ve 490.05.01.2014.-85736 sayılı Telekomünikasyon İletişim Başkanlığı kararıyla erişime engellenmiştir.
gaydar.net|gaydar.net, 01/02/2017 tarihli ve 490.05.01.2017.-45570 sayılı Bilgi Teknolojileri ve İletişim Kurumu kararıyla erişime engellenmiştir.
gayromeo.com|gayromeo.com, 28/01/2011 tarihli ve 421.02.00.2011-039734 sayılı Telekomünikasyon İletişim Başkanlığı kararıyla erişime engellenmiştir.
gaytimes.co.uk|gaytimes.co.uk, 26/02/2015 tarihli ve 490.05.01.2015.-52024 sayılı Telekomünikasyon İletişim Başkanlığı kararıyla erişime engellenmiştir.
grindr.com|grindr.com, 26/08/2013 tarihli ve 2013/406 sayılı İstanbul Anadolu 14.Sulh CM kararıyla erişime engellenmiştir.
growlrapp.com|growlrapp.com, 13/01/2015 tarihli ve 490.05.01.2015.-9177 sayılı Telekomünikasyon İletişim Başkanlığı kararıyla erişime engellenmiştir.
lifeout.com|lifeout.com, 26/05/2014 tarihli ve 490.05.01.2014.-78151 sayılı Telekomünikasyon İletişim Başkanlığı kararıyla erişime engellenmiştir.
lucaskazan.com|lucaskazan.com, 12/11/2014 tarihli ve 490.05.01.2014.-212735 sayılı Telekomünikasyon İletişim Başkanlığı kararıyla erişime engellenmiştir.
manhuntdiario.com|manhuntdiario.com, 17/09/2018 tarihli ve 490.05.01.2018.-318900 sayılı Bilgi Teknolojileri ve İletişim Kurumu kararıyla erişime engellenmiştir.
manjam.com|manjam.com, 28/01/2011 tarihli ve 421.02.00.2011-039734 sayılı Telekomünikasyon İletişim Başkanlığı kararıyla erişime engellenmiştir.
pinktv.fr|pinktv.fr, 17/11/2015 tarihli ve 490.05.01.2015.-257580 sayılı Telekomünikasyon İletişim Başkanlığı kararıyla erişime engellenmiştir.
realjock.com|realjock.com, 06/09/2018 tarihli ve 490.05.01.2018.-308545 sayılı Bilgi Teknolojileri ve İletişim Kurumu kararıyla erişime engellenmiştir.
recon.com|recon.com, 13/01/2015 tarihli ve 490.05.01.2015.-9186 sayılı Telekomünikasyon İletişim Başkanlığı kararıyla erişime engellenmiştir.
tgcomics.com|tgcomics.com, 28/10/2014 tarihli ve 490.05.01.2014.-194268 sayılı Telekomünikasyon İletişim Başkanlığı kararıyla erişime engellenmiştir.
xl-gaytube.com|xl-gaytube.com, 01/03/2012 tarihli ve 421.02.00.2012-104501 sayılı Telekomünikasyon İletişim Başkanlığı kararıyla erişime engellenmiştir.
xtasis.org|xtasis.org, 27/05/2015 tarihli ve 490.05.01.2015.-162837 sayılı Telekomünikasyon İletişim Başkanlığı kararıyla erişime engellenmiştir.