pornrips.to|pornrips.to, 25/07/2023 tarihli ve 490.05.01.2023.-374056 sayılı Bilgi Teknolojileri ve İletişim Kurumu kararıyla erişime engellenmiştir.
xhamster42.desi|xhamster42.desi, 04/12/2023 tarihli ve 490.05.01.2023.-654751 sayılı Bilgi Teknolojileri ve İletişim Kurumu kararıyla erişime engellenmiştir.
d000d.com|d000d.com, 25/03/2024 tarihli ve 490.05.01.2024.-199984 sayılı Bilgi Teknolojileri ve İletişim Kurumu kararıyla erişime engellenmiştir.
postimg.cc|postimg.cc, 26/12/2019 tarihli ve 490.05.01.2019.-785927 sayılı Bilgi Teknolojileri ve İletişim Kurumu kararıyla erişime engellenmiştir.
4shared.com|4shared.com, 05/01/2011 tarihli ve 2011/24 sayılı MANİSA 3. SULH CM kararıyla erişime engellenmiştir.
rarbg.to|rarbg.to, 12/08/2015 tarihli ve 490.05.01.2015.-212426 sayılı Telekomünikasyon İletişim Başkanlığı kararıyla erişime engellenmiştir.
nekopoi.care|nekopoi.care, 20/03/2019 tarihli ve 2019/2241 D. İş sayılı Ankara 3. Sulh Ceza Hakimliği kararıyla erişime engellenmiştir.
tubeoffline.com|tubeoffline.com, 03/03/2017 tarihli ve 490.05.01.2017.-88202 sayılı Bilgi Teknolojileri ve İletişim Kurumu kararıyla erişime engellenmiştir.
adultphotosets.best|adultphotosets.best, 24/01/2022 tarihli ve 490.05.01.2022.-76972 sayılı Bilgi Teknolojileri ve İletişim Kurumu kararıyla erişime engellenmiştir.
rajbets.com|rajbets.com, 24/07/2023 tarihli ve 490.05.01.2023.-371043 sayılı Bilgi Teknolojileri ve İletişim Kurumu kararıyla erişime engellenmiştir.
leporno.info|leporno.info, 14/06/2017 tarihli ve 490.05.01.2017.-232715 sayılı Bilgi Teknolojileri ve İletişim Kurumu kararıyla erişime engellenmiştir.
kickass.com|kickass.com, 17/09/2013 tarihli ve 490.05.01.2013.-255332 sayılı Telekomünikasyon İletişim Başkanlığı kararıyla erişime engellenmiştir.
javslon.com|javslon.com, 06/05/2021 tarihli ve 490.05.01.2021.-209490 sayılı Bilgi Teknolojileri ve İletişim Kurumu kararıyla erişime engellenmiştir.
extremlymtorrents.ws|extremlymtorrents.ws, 27/09/2017 tarihli ve 490.05.01.2017.-337669 sayılı Bilgi Teknolojileri ve İletişim Kurumu kararıyla erişime engellenmiştir.
betika.co.tz|betika.co.tz, 21/10/2021 tarihli ve 490.05.01.2021.-417345 sayılı Bilgi Teknolojileri ve İletişim Kurumu kararıyla erişime engellenmiştir.
pornbaker.men|pornbaker.men, 21/10/2020 tarihli ve 490.05.01.2020.-4841424 sayılı Bilgi Teknolojileri ve İletişim Kurumu kararıyla erişime engellenmiştir.
myhdjav.me|myhdjav.me, 13/04/2021 tarihli ve 490.05.01.2021.-171147 sayılı Bilgi Teknolojileri ve İletişim Kurumu kararıyla erişime engellenmiştir.
duduk123.com|duduk123.com, 18/10/2023 tarihli ve 490.05.01.2023.-550699 sayılı Bilgi Teknolojileri ve İletişim Kurumu kararıyla erişime engellenmiştir.
rarbg.is|rarbg.is, 02/01/2018 tarihli ve 490.05.01.2018.-1755 sayılı Bilgi Teknolojileri ve İletişim Kurumu kararıyla erişime engellenmiştir.
katzddl.net|katzddl.net, 06/05/2022 tarihli ve 490.05.01.2022.-442624 sayılı Bilgi Teknolojileri ve İletişim Kurumu kararıyla erişime engellenmiştir.
tempel.link|tempel.link, 10/01/2024 tarihli ve 490.05.01.2024.-22182 sayılı Bilgi Teknolojileri ve İletişim Kurumu kararıyla erişime engellenmiştir.
jdbyg.com|jdbyg.com, 28/09/2023 tarihli ve 490.05.01.2023.-505103 sayılı Bilgi Teknolojileri ve İletişim Kurumu kararıyla erişime engellenmiştir.
thepiratebay.com|thepiratebay.com, 09/03/2022 tarihli ve 490.05.01.2022.-228089 sayılı Bilgi Teknolojileri ve İletişim Kurumu kararıyla erişime engellenmiştir.
leech360.com|leech360.com, 18/12/2015 tarihli ve 490.05.01.2015.-271025 sayılı Telekomünikasyon İletişim Başkanlığı kararıyla erişime engellenmiştir.
masuk123.com|masuk123.com, 29/12/2023 tarihli ve 490.05.01.2023.-716699 sayılı Bilgi Teknolojileri ve İletişim Kurumu kararıyla erişime engellenmiştir.
allpornhub.tv|allpornhub.tv, 28/04/2023 tarihli ve 490.05.01.2023.-205602 sayılı Bilgi Teknolojileri ve İletişim Kurumu kararıyla erişime engellenmiştir.
hdfilmcehennemi2.tv|hdfilmcehennemi2.tv, 19/04/2023 tarihli ve 28 sayılı Spor Toto Teşkilat Başkanlığı kararıyla erişime engellenmiştir.
welovepremium.com|welovepremium.com, 26/10/2023 tarihli ve 490.05.01.2023.-568641 sayılı Bilgi Teknolojileri ve İletişim Kurumu kararıyla erişime engellenmiştir.
1xbetcoin.com|1xbetcoin.com, 13/06/2019 tarihli ve 490.05.01.2019.-115113 sayılı Bilgi Teknolojileri ve İletişim Kurumu kararıyla erişime engellenmiştir.
hdupload.net|hdupload.net, 13/03/2024 tarihli ve 490.05.01.2024.-172608 sayılı Bilgi Teknolojileri ve İletişim Kurumu kararıyla erişime engellenmiştir.
