141jav.com|141jav.com, 12/11/2014 tarihli ve 490.05.01.2014.-212344 sayılı Telekomünikasyon İletişim Başkanlığı kararıyla erişime engellenmiştir.
1fichier.com|SORGU SONUCU YOK !! USOM/TT Usülsüz
akiba-online.com|akiba-online.com, 17/09/2013 tarihli ve 490.05.01.2013.-255668 sayılı Telekomünikasyon İletişim Başkanlığı kararıyla erişime engellenmiştir.
4shared.com|4shared.com, 05/01/2011 tarihli ve 2011/24 sayılı MANİSA 3. SULH CM kararıyla erişime engellenmiştir.
allprivatebabes.com|allprivatebabes.com, 28/01/2013 tarihli ve 490.05.01.2013.-21694 sayılı Telekomünikasyon İletişim Başkanlığı kararıyla erişime engellenmiştir.
an1.com|an1.com, 21/11/2023 tarihli ve 490.05.01.2023.-625217 sayılı Bilgi Teknolojileri ve İletişim Kurumu kararıyla erişime engellenmiştir.
area51.to|area51.to, 10/05/2018 tarihli ve 490.05.01.2018.-175008 sayılı Bilgi Teknolojileri ve İletişim Kurumu kararıyla erişime engellenmiştir.
arenabg.ch|arenabg.ch, 22/09/2016 tarihli ve 490.05.01.2016.-147710 sayılı Bilgi Teknolojileri ve İletişim Kurumu kararıyla erişime engellenmiştir.
canli.bahislet1.com|canli.bahislet1.com, 13/03/2019 tarihli ve 490.05.01.2019.-55120 sayılı Bilgi Teknolojileri ve İletişim Kurumu kararıyla erişime engellenmiştir.
bitru.org|bitru.org, 09/01/2015 tarihli ve 490.05.01.2015.-6596 sayılı Telekomünikasyon İletişim Başkanlığı kararıyla erişime engellenmiştir.
bootytape.com|bootytape.com, 23/06/2014 tarihli ve 490.05.01.2014.-120615 sayılı Telekomünikasyon İletişim Başkanlığı kararıyla erişime engellenmiştir.
btmon.com|btmon.com, 28/01/2011 tarihli ve 421.02.00.2011-039734 sayılı Telekomünikasyon İletişim Başkanlığı kararıyla erişime engellenmiştir.
cambro.tv|cambro.tv, 12/02/2019 tarihli ve 2019/1127 D. İş sayılı Ankara 3. Sulh Ceza Hakimliği kararıyla erişime engellenmiştir.
camclips.tv|camclips.tv, 07/10/2022 tarihli ve 490.05.01.2022.-918044 sayılı Bilgi Teknolojileri ve İletişim Kurumu kararıyla erişime engellenmiştir.
camhoes.tv|camhoes.tv, 31/05/2022 tarihli ve 490.05.01.2022.-527073 sayılı Bilgi Teknolojileri ve İletişim Kurumu kararıyla erişime engellenmiştir.
degree-anime.com|degree-anime.com, 07/10/2024 tarihli ve 490.05.01.2024.-763519 sayılı Bilgi Teknolojileri ve İletişim Kurumu kararıyla erişime engellenmiştir.
dood.la|dood.la, 17/04/2024 tarihli ve 490.05.01.2024.-247089 sayılı Bilgi Teknolojileri ve İletişim Kurumu kararıyla erişime engellenmiştir.
dood.re|dood.re, 26/12/2022 tarihli ve 490.05.01.2022.-1098151 sayılı Bilgi Teknolojileri ve İletişim Kurumu kararıyla erişime engellenmiştir.
dood.to|dood.to, 04/06/2024 tarihli ve 490.05.01.2024.-409175 sayılı Bilgi Teknolojileri ve İletişim Kurumu kararıyla erişime engellenmiştir.
ds2play.com|ds2play.com, 28/05/2024 tarihli ve 490.05.01.2024.-380882 sayılı Bilgi Teknolojileri ve İletişim Kurumu kararıyla erişime engellenmiştir.
e-hentai.org|e-hentai.org, 01/04/2011 tarihli ve 421.02.00.2011-129032 sayılı Telekomünikasyon İletişim Başkanlığı kararıyla erişime engellenmiştir.
ebookdirectory.com|ebookdirectory.com, 20/02/2023 tarihli ve 490.05.01.2023.-98467 sayılı Bilgi Teknolojileri ve İletişim Kurumu kararıyla erişime engellenmiştir.
eogli.org|eogli.org, 08/04/2016 tarihli ve 490.05.01.2016.-52782 sayılı Telekomünikasyon İletişim Başkanlığı kararıyla erişime engellenmiştir.
extremlymtorrents.ws|extremlymtorrents.ws, 27/09/2017 tarihli ve 490.05.01.2017.-337669 sayılı Bilgi Teknolojileri ve İletişim Kurumu kararıyla erişime engellenmiştir.
film1k.com|film1k.com, 05/03/2015 tarihli ve 490.05.01.2015.-61583 sayılı Telekomünikasyon İletişim Başkanlığı kararıyla erişime engellenmiştir.
filmid.net|filmid.net, 21/02/2018 tarihli ve 490.05.01.2018.-83369 sayılı Bilgi Teknolojileri ve İletişim Kurumu kararıyla erişime engellenmiştir.
freewebs.com|freewebs.com, 02/06/2009 tarihli ve 2009/509 değ. iş sayılı İstanbul 11. Ağır Ceza Mahkemesi kararıyla erişime engellenmiştir.
gay-torrents.net|gay-torrents.net, 10/10/2024 tarihli ve 490.05.01.2024.-772739 sayılı Bilgi Teknolojileri ve İletişim Kurumu kararıyla erişime engellenmiştir.
gaytorrent.ru|gaytorrent.ru, 27/11/2013 tarihli ve 490.05.01.2013.-344341 sayılı Telekomünikasyon İletişim Başkanlığı kararıyla erişime engellenmiştir.
goldesel.to|goldesel.to, 16/04/2013 tarihli ve 490.05.01.2013.-98589 sayılı Telekomünikasyon İletişim Başkanlığı kararıyla erişime engellenmiştir.
greek-tracker.com|greek-tracker.com, 18/07/2024 tarihli ve 490.05.01.2024.-559998 sayılı Bilgi Teknolojileri ve İletişim Kurumu kararıyla erişime engellenmiştir.
haho.moe|haho.moe, 08/10/2020 tarihli ve 490.05.01.2020.-4600832 sayılı Bilgi Teknolojileri ve İletişim Kurumu kararıyla erişime engellenmiştir.
hdtporno.org|hdtporno.org, 06/05/2019 tarihli ve 2019/3730 D, İş sayılı Ankara 6. Sulh Ceza Hakimliği kararıyla erişime engellenmiştir.
hentaisun.com|hentaisun.com, 27/09/2022 tarihli ve 490.05.01.2022.-894277 sayılı Bilgi Teknolojileri ve İletişim Kurumu kararıyla erişime engellenmiştir.
hpjav.tv|hpjav.tv, 09/04/2019 tarihli ve 2019/2912 D. İş sayılı Ankara 5. Sulh Ceza Hakimliği kararıyla erişime engellenmiştir.
italia-film.co|italia-film.co, 12/11/2015 tarihli ve 490.05.01.2015.-252657 sayılı Telekomünikasyon İletişim Başkanlığı kararıyla erişime engellenmiştir.
javbus.com|javbus.com, 04/01/2021 tarihli ve 490.05.01.2021.-4614 sayılı Bilgi Teknolojileri ve İletişim Kurumu kararıyla erişime engellenmiştir.
javlibrary.com|javlibrary.com, 15/12/2020 tarihli ve 490.05.01.2020.-5858921 sayılı Bilgi Teknolojileri ve İletişim Kurumu kararıyla erişime engellenmiştir.
javmix.tv|javmix.tv, 24/03/2021 tarihli ve 490.05.01.2021.-143754 sayılı Bilgi Teknolojileri ve İletişim Kurumu kararıyla erişime engellenmiştir.
javjunkies.com|javjunkies.com, 05/07/2021 tarihli ve 490.05.01.2021.-294379 sayılı Bilgi Teknolojileri ve İletişim Kurumu kararıyla erişime engellenmiştir.
katzddl.net|katzddl.net, 06/05/2022 tarihli ve 490.05.01.2022.-442624 sayılı Bilgi Teknolojileri ve İletişim Kurumu kararıyla erişime engellenmiştir.
leporno.org|leporno.org, 24/11/2014 tarihli ve 490.05.01.2014.-227994 sayılı Telekomünikasyon İletişim Başkanlığı kararıyla erişime engellenmiştir.
livetv.sx|livetv.sx, 09/11/2016 tarihli ve 2016/3200 sayılı ANKARA 7. SULH CM kararıyla erişime engellenmiştir.
lshunters.tv|lshunters.tv, 09/11/2016 tarihli ve 2016/3200 sayılı ANKARA 7. SULH CM kararıyla erişime engellenmiştir.
mafia-linkz.to|mafia-linkz.to, 08/12/2014 tarihli ve 490.05.01.2014.-242818 sayılı Telekomünikasyon İletişim Başkanlığı kararıyla erişime engellenmiştir.
mates-r-us.com|mates-r-us.com, 04/12/2014 tarihli ve 490.05.01.2014.-237634 sayılı Telekomünikasyon İletişim Başkanlığı kararıyla erişime engellenmiştir.
movie2k.to|movie2k.to, 14/01/2011 tarihli ve 421.02.00.2011-016019 sayılı Telekomünikasyon İletişim Başkanlığı kararıyla erişime engellenmiştir.
movie4k.to|movie4k.to, 30/10/2014 tarihli ve 490.05.01.2014.-199199 sayılı Telekomünikasyon İletişim Başkanlığı kararıyla erişime engellenmiştir.
movie4k.org|movie4k.org, 30/01/2018 tarihli ve 490.05.01.2018.-42395 sayılı Bilgi Teknolojileri ve İletişim Kurumu kararıyla erişime engellenmiştir.
myporn.club|myporn.club, 24/12/2019 tarihli ve 490.05.01.2019.-759457 sayılı Bilgi Teknolojileri ve İletişim Kurumu kararıyla erişime engellenmiştir.
myaccountinghelp.org|myaccountinghelp.org, 02/02/2024 tarihli ve 490.05.01.2024.-80809 sayılı Bilgi Teknolojileri ve İletişim Kurumu kararıyla erişime engellenmiştir.
nhentai.net|nhentai.net, 07/12/2018 tarihli ve 490.05.01.2018.-386462 sayılı Bilgi Teknolojileri ve İletişim Kurumu kararıyla erişime engellenmiştir.
nitro.to|nitro.to, 05/06/2018 tarihli ve 490.05.01.2018.-201273 sayılı Bilgi Teknolojileri ve İletişim Kurumu kararıyla erişime engellenmiştir.
nutorrent.com|nutorrent.com, 28/01/2011 tarihli ve 421.02.00.2011-039734 sayılı Telekomünikasyon İletişim Başkanlığı kararıyla erişime engellenmiştir.
oklivetv.com|oklivetv.com, 31/03/2016 tarihli ve 490.05.01.2016.-49559 sayılı Telekomünikasyon İletişim Başkanlığı kararıyla erişime engellenmiştir.
onejav.com|onejav.com, 12/04/2021 tarihli ve 490.05.01.2021.-168857 sayılı Bilgi Teknolojileri ve İletişim Kurumu kararıyla erişime engellenmiştir.
passwordscity.net|passwordscity.net, 29/07/2019 tarihli ve 2019/5737 D. İş sayılı ANKARA 1. SULH CEZA HAKİMLİĞİ kararıyla erişime engellenmiştir.
pornolab.net|pornolab.net, 01/03/2012 tarihli ve 421.02.00.2012-104501 sayılı Telekomünikasyon İletişim Başkanlığı kararıyla erişime engellenmiştir.
pornograd.net|pornograd.net, 24/10/2013 tarihli ve 490.05.01.2013.-303185 sayılı Telekomünikasyon İletişim Başkanlığı kararıyla erişime engellenmiştir.
pornleech.io|pornleech.io, 10/03/2020 tarihli ve 490.05.01.2020.-1006147 sayılı Bilgi Teknolojileri ve İletişim Kurumu kararıyla erişime engellenmiştir.
pornorip.net|pornorip.net, 28/01/2011 tarihli ve 421.02.00.2011-039734 sayılı Telekomünikasyon İletişim Başkanlığı kararıyla erişime engellenmiştir.
pussytorrents.org|pussytorrents.org, 07/07/2021 tarihli ve 490.05.01.2021.-298804 sayılı Bilgi Teknolojileri ve İletişim Kurumu kararıyla erişime engellenmiştir.
pron.tv|pron.tv, 12/08/2015 tarihli ve 490.05.01.2015.-211307 sayılı Telekomünikasyon İletişim Başkanlığı kararıyla erişime engellenmiştir.
rarbg.com|rarbg.com, 01/04/2011 tarihli ve 421.02.00.2011-129032 sayılı Telekomünikasyon İletişim Başkanlığı kararıyla erişime engellenmiştir.
rarbg.to|rarbg.to, 12/08/2015 tarihli ve 490.05.01.2015.-212426 sayılı Telekomünikasyon İletişim Başkanlığı kararıyla erişime engellenmiştir.
rarbg.is|rarbg.is, 02/01/2018 tarihli ve 490.05.01.2018.-1755 sayılı Bilgi Teknolojileri ve İletişim Kurumu kararıyla erişime engellenmiştir.
rintor.net|rintor.net, 16/10/2024 tarihli ve 490.05.01.2024.-785673 sayılı Bilgi Teknolojileri ve İletişim Kurumu kararıyla erişime engellenmiştir.
roshy.tv|roshy.tv, 25/04/2022 tarihli ve 490.05.01.2022.-409518 sayılı Bilgi Teknolojileri ve İletişim Kurumu kararıyla erişime engellenmiştir.
rustorrents.net|rustorrents.net, 16/03/2015 tarihli ve 490.05.01.2015.-74282 sayılı Telekomünikasyon İletişim Başkanlığı kararıyla erişime engellenmiştir.
saidit.net|saidit.net, 25/08/2023 tarihli ve 490.05.01.2023.-440376 sayılı Bilgi Teknolojileri ve İletişim Kurumu kararıyla erişime engellenmiştir.
sex-torrent.net|sex-torrent.net, 24/07/2019 tarihli ve 2019/6152 D. İş sayılı Ankara 4. Sulh Ceza Hakimliği kararıyla erişime engellenmiştir.
sexuria.net|sexuria.net, 07/09/2021 tarihli ve 490.05.01.2021.-367359 sayılı Bilgi Teknolojileri ve İletişim Kurumu kararıyla erişime engellenmiştir.
sexinsex.net|sexinsex.net, 29/10/2014 tarihli ve 490.05.01.2014.-197356 sayılı Telekomünikasyon İletişim Başkanlığı kararıyla erişime engellenmiştir.
sportbit.org|sportbit.org, 19/09/2023 tarihli ve 490.05.01.2023.-483938 sayılı Bilgi Teknolojileri ve İletişim Kurumu kararıyla erişime engellenmiştir.
streema.com|streema.com, 11/02/2022 tarihli ve 2022/460 D.İş sayılı Ankara 6. Sulh Ceza Hakimliği kararıyla erişime engellenmiştir.
torrent-pirat.com|torrent-pirat.com, 08/04/2016 tarihli ve 490.05.01.2016.-53156 sayılı Telekomünikasyon İletişim Başkanlığı kararıyla erişime engellenmiştir.
traht.org|traht.org, 28/06/2018 tarihli ve 490.05.01.2018.-230205 sayılı Bilgi Teknolojileri ve İletişim Kurumu kararıyla erişime engellenmiştir.
trupornolabs.org|trupornolabs.org, 25/06/2018 tarihli ve 490.05.01.2018.-224906 sayılı Bilgi Teknolojileri ve İletişim Kurumu kararıyla erişime engellenmiştir.
xxxtor.com|xxxtor.com, 24/07/2019 tarihli ve 2019/6152 D. İş sayılı Ankara 4. Sulh Ceza Hakimliği kararıyla erişime engellenmiştir.
xxxclub.to|xxxclub.to, 08/01/2024 tarihli ve 490.05.01.2024.-17630 sayılı Bilgi Teknolojileri ve İletişim Kurumu kararıyla erişime engellenmiştir.
xxxadulttorrent.org|xxxadulttorrent.org, 01/11/2018 tarihli ve 490.05.01.2018.-355867 sayılı Bilgi Teknolojileri ve İletişim Kurumu kararıyla erişime engellenmiştir.
